[DOC_SERVICE] 2026-01-20T16:25:35.715Z Starting background recovery service...
[DOC_SERVICE] 2026-01-20T16:26:05.757Z Recovering stuck/pending document: 707bf73b-4f75-4a93-9696-4b8697b08508 (Cervantes Humberto, Kazman Rick - Designing Software Architectures, 2nd Edition - 2024.pdf)
[DOC_SERVICE] 2026-01-20T16:26:05.758Z Queueing document 707bf73b-4f75-4a93-9696-4b8697b08508 for processing
[DOC_SERVICE] 2026-01-20T16:26:05.759Z Processing document 707bf73b-4f75-4a93-9696-4b8697b08508
[DOC_SERVICE] 2026-01-20T16:26:05.760Z Recovering stuck/pending document: bf3c0faf-a55e-4039-91ae-96032dbf012e (Cervantes Humberto, Kazman Rick - Designing Software Architectures, 2nd Edition - 2024.pdf)
[DOC_SERVICE] 2026-01-20T16:26:05.792Z Queueing document bf3c0faf-a55e-4039-91ae-96032dbf012e for processing
[DOC_SERVICE] 2026-01-20T16:26:05.793Z Recovering stuck/pending document: 9a1547c3-2493-4be5-89f4-ba57cf7c4500 (Cervantes Humberto, Kazman Rick - Designing Software Architectures, 2nd Edition - 2024.pdf)
[DOC_SERVICE] 2026-01-20T16:26:05.794Z Queueing document 9a1547c3-2493-4be5-89f4-ba57cf7c4500 for processing
[DOC_SERVICE] 2026-01-20T16:26:05.795Z Recovering stuck/pending document: dcdec875-0064-44fa-9910-d727d6697e88 (Cervantes Humberto, Kazman Rick - Designing Software Architectures, 2nd Edition - 2024.pdf)
[DOC_SERVICE] 2026-01-20T16:26:05.796Z Queueing document dcdec875-0064-44fa-9910-d727d6697e88 for processing
[DOC_SERVICE] 2026-01-20T16:26:05.811Z Error in processDocument for 707bf73b-4f75-4a93-9696-4b8697b08508: File not found at /app/uploads/documents/1768926044948_Cervantes_Humberto__Kazman_Rick_-_Designing_Software_Architectures__2nd_Edition_-_2024.pdf
[DOC_SERVICE] 2026-01-20T16:26:05.813Z Critical failure processing document 707bf73b-4f75-4a93-9696-4b8697b08508: File not found at /app/uploads/documents/1768926044948_Cervantes_Humberto__Kazman_Rick_-_Designing_Software_Architectures__2nd_Edition_-_2024.pdf
[DOC_SERVICE] 2026-01-20T16:26:05.817Z Retrying document 707bf73b-4f75-4a93-9696-4b8697b08508 later (attempt 3/3)
[DOC_SERVICE] 2026-01-20T16:26:06.828Z Processing document bf3c0faf-a55e-4039-91ae-96032dbf012e
[DOC_SERVICE] 2026-01-20T16:26:06.870Z Error in processDocument for bf3c0faf-a55e-4039-91ae-96032dbf012e: File not found at /app/uploads/documents/1768926105848_Cervantes_Humberto__Kazman_Rick_-_Designing_Software_Architectures__2nd_Edition_-_2024.pdf
[DOC_SERVICE] 2026-01-20T16:26:06.870Z Critical failure processing document bf3c0faf-a55e-4039-91ae-96032dbf012e: File not found at /app/uploads/documents/1768926105848_Cervantes_Humberto__Kazman_Rick_-_Designing_Software_Architectures__2nd_Edition_-_2024.pdf
[DOC_SERVICE] 2026-01-20T16:26:06.873Z Retrying document bf3c0faf-a55e-4039-91ae-96032dbf012e later (attempt 2/3)
[DOC_SERVICE] 2026-01-20T16:26:07.879Z Processing document 9a1547c3-2493-4be5-89f4-ba57cf7c4500
[DOC_SERVICE] 2026-01-20T16:26:07.920Z Error in processDocument for 9a1547c3-2493-4be5-89f4-ba57cf7c4500: File not found at /app/uploads/documents/1768926117415_Cervantes_Humberto__Kazman_Rick_-_Designing_Software_Architectures__2nd_Edition_-_2024.pdf
[DOC_SERVICE] 2026-01-20T16:26:07.921Z Critical failure processing document 9a1547c3-2493-4be5-89f4-ba57cf7c4500: File not found at /app/uploads/documents/1768926117415_Cervantes_Humberto__Kazman_Rick_-_Designing_Software_Architectures__2nd_Edition_-_2024.pdf
[DOC_SERVICE] 2026-01-20T16:26:07.924Z Retrying document 9a1547c3-2493-4be5-89f4-ba57cf7c4500 later (attempt 2/3)
[DOC_SERVICE] 2026-01-20T16:26:08.934Z Processing document dcdec875-0064-44fa-9910-d727d6697e88
[DOC_SERVICE] 2026-01-20T16:26:08.975Z Error in processDocument for dcdec875-0064-44fa-9910-d727d6697e88: File not found at /app/uploads/documents/1768926122648_Cervantes_Humberto__Kazman_Rick_-_Designing_Software_Architectures__2nd_Edition_-_2024.pdf
[DOC_SERVICE] 2026-01-20T16:26:08.976Z Critical failure processing document dcdec875-0064-44fa-9910-d727d6697e88: File not found at /app/uploads/documents/1768926122648_Cervantes_Humberto__Kazman_Rick_-_Designing_Software_Architectures__2nd_Edition_-_2024.pdf
[DOC_SERVICE] 2026-01-20T16:26:08.979Z Retrying document dcdec875-0064-44fa-9910-d727d6697e88 later (attempt 2/3)
[DOC_SERVICE] 2026-01-20T16:26:37.141Z Starting background recovery service...
[DOC_SERVICE] 2026-01-20T16:27:07.210Z Recovering stuck/pending document: dcdec875-0064-44fa-9910-d727d6697e88 (Cervantes Humberto, Kazman Rick - Designing Software Architectures, 2nd Edition - 2024.pdf)
[DOC_SERVICE] 2026-01-20T16:27:07.212Z Queueing document dcdec875-0064-44fa-9910-d727d6697e88 for processing
[DOC_SERVICE] 2026-01-20T16:27:07.213Z Processing document dcdec875-0064-44fa-9910-d727d6697e88
[DOC_SERVICE] 2026-01-20T16:27:07.215Z Recovering stuck/pending document: bf3c0faf-a55e-4039-91ae-96032dbf012e (Cervantes Humberto, Kazman Rick - Designing Software Architectures, 2nd Edition - 2024.pdf)
[DOC_SERVICE] 2026-01-20T16:27:07.215Z Queueing document bf3c0faf-a55e-4039-91ae-96032dbf012e for processing
[DOC_SERVICE] 2026-01-20T16:27:07.216Z Recovering stuck/pending document: 9a1547c3-2493-4be5-89f4-ba57cf7c4500 (Cervantes Humberto, Kazman Rick - Designing Software Architectures, 2nd Edition - 2024.pdf)
[DOC_SERVICE] 2026-01-20T16:27:07.217Z Queueing document 9a1547c3-2493-4be5-89f4-ba57cf7c4500 for processing
[DOC_SERVICE] 2026-01-20T16:27:07.236Z Error in processDocument for dcdec875-0064-44fa-9910-d727d6697e88: File not found at C:\Projects\pdf summary\admin-panel\backend\uploads\documents\1768926122648_Cervantes_Humberto__Kazman_Rick_-_Designing_Software_Architectures__2nd_Edition_-_2024.pdf or fallback C:\Projects\pdf summary\admin-panel\backend\uploads\documents\1768926122648_Cervantes_Humberto__Kazman_Rick_-_Designing_Software_Architectures__2nd_Edition_-_2024.pdf
[DOC_SERVICE] 2026-01-20T16:27:07.239Z Critical failure processing document dcdec875-0064-44fa-9910-d727d6697e88: File not found at C:\Projects\pdf summary\admin-panel\backend\uploads\documents\1768926122648_Cervantes_Humberto__Kazman_Rick_-_Designing_Software_Architectures__2nd_Edition_-_2024.pdf or fallback C:\Projects\pdf summary\admin-panel\backend\uploads\documents\1768926122648_Cervantes_Humberto__Kazman_Rick_-_Designing_Software_Architectures__2nd_Edition_-_2024.pdf
[DOC_SERVICE] 2026-01-20T16:27:07.244Z Retrying document dcdec875-0064-44fa-9910-d727d6697e88 later (attempt 3/3)
[DOC_SERVICE] 2026-01-20T16:27:08.265Z Processing document bf3c0faf-a55e-4039-91ae-96032dbf012e
[DOC_SERVICE] 2026-01-20T16:27:08.312Z Error in processDocument for bf3c0faf-a55e-4039-91ae-96032dbf012e: File not found at C:\Projects\pdf summary\admin-panel\backend\uploads\documents\1768926105848_Cervantes_Humberto__Kazman_Rick_-_Designing_Software_Architectures__2nd_Edition_-_2024.pdf or fallback C:\Projects\pdf summary\admin-panel\backend\uploads\documents\1768926105848_Cervantes_Humberto__Kazman_Rick_-_Designing_Software_Architectures__2nd_Edition_-_2024.pdf
[DOC_SERVICE] 2026-01-20T16:27:08.314Z Critical failure processing document bf3c0faf-a55e-4039-91ae-96032dbf012e: File not found at C:\Projects\pdf summary\admin-panel\backend\uploads\documents\1768926105848_Cervantes_Humberto__Kazman_Rick_-_Designing_Software_Architectures__2nd_Edition_-_2024.pdf or fallback C:\Projects\pdf summary\admin-panel\backend\uploads\documents\1768926105848_Cervantes_Humberto__Kazman_Rick_-_Designing_Software_Architectures__2nd_Edition_-_2024.pdf
[DOC_SERVICE] 2026-01-20T16:27:08.318Z Retrying document bf3c0faf-a55e-4039-91ae-96032dbf012e later (attempt 3/3)
[DOC_SERVICE] 2026-01-20T16:27:09.326Z Processing document 9a1547c3-2493-4be5-89f4-ba57cf7c4500
[DOC_SERVICE] 2026-01-20T16:27:09.371Z Error in processDocument for 9a1547c3-2493-4be5-89f4-ba57cf7c4500: File not found at C:\Projects\pdf summary\admin-panel\backend\uploads\documents\1768926117415_Cervantes_Humberto__Kazman_Rick_-_Designing_Software_Architectures__2nd_Edition_-_2024.pdf or fallback C:\Projects\pdf summary\admin-panel\backend\uploads\documents\1768926117415_Cervantes_Humberto__Kazman_Rick_-_Designing_Software_Architectures__2nd_Edition_-_2024.pdf
[DOC_SERVICE] 2026-01-20T16:27:09.372Z Critical failure processing document 9a1547c3-2493-4be5-89f4-ba57cf7c4500: File not found at C:\Projects\pdf summary\admin-panel\backend\uploads\documents\1768926117415_Cervantes_Humberto__Kazman_Rick_-_Designing_Software_Architectures__2nd_Edition_-_2024.pdf or fallback C:\Projects\pdf summary\admin-panel\backend\uploads\documents\1768926117415_Cervantes_Humberto__Kazman_Rick_-_Designing_Software_Architectures__2nd_Edition_-_2024.pdf
[DOC_SERVICE] 2026-01-20T16:27:09.376Z Retrying document 9a1547c3-2493-4be5-89f4-ba57cf7c4500 later (attempt 3/3)
[DOC_SERVICE] 2026-01-20T16:27:37.175Z Recovering stuck/pending document: bf3c0faf-a55e-4039-91ae-96032dbf012e (Cervantes Humberto, Kazman Rick - Designing Software Architectures, 2nd Edition - 2024.pdf)
[DOC_SERVICE] 2026-01-20T16:27:37.176Z Queueing document bf3c0faf-a55e-4039-91ae-96032dbf012e for processing
[DOC_SERVICE] 2026-01-20T16:27:37.177Z Processing document bf3c0faf-a55e-4039-91ae-96032dbf012e
[DOC_SERVICE] 2026-01-20T16:27:37.178Z Recovering stuck/pending document: dcdec875-0064-44fa-9910-d727d6697e88 (Cervantes Humberto, Kazman Rick - Designing Software Architectures, 2nd Edition - 2024.pdf)
[DOC_SERVICE] 2026-01-20T16:27:37.178Z Queueing document dcdec875-0064-44fa-9910-d727d6697e88 for processing
[DOC_SERVICE] 2026-01-20T16:27:37.179Z Recovering stuck/pending document: 9a1547c3-2493-4be5-89f4-ba57cf7c4500 (Cervantes Humberto, Kazman Rick - Designing Software Architectures, 2nd Edition - 2024.pdf)
[DOC_SERVICE] 2026-01-20T16:27:37.180Z Queueing document 9a1547c3-2493-4be5-89f4-ba57cf7c4500 for processing
[DOC_SERVICE] 2026-01-20T16:27:37.220Z Error in processDocument for bf3c0faf-a55e-4039-91ae-96032dbf012e: File not found at C:\Projects\pdf summary\admin-panel\backend\uploads\documents\1768926105848_Cervantes_Humberto__Kazman_Rick_-_Designing_Software_Architectures__2nd_Edition_-_2024.pdf or fallback C:\Projects\pdf summary\admin-panel\backend\uploads\documents\1768926105848_Cervantes_Humberto__Kazman_Rick_-_Designing_Software_Architectures__2nd_Edition_-_2024.pdf
[DOC_SERVICE] 2026-01-20T16:27:37.221Z Critical failure processing document bf3c0faf-a55e-4039-91ae-96032dbf012e: File not found at C:\Projects\pdf summary\admin-panel\backend\uploads\documents\1768926105848_Cervantes_Humberto__Kazman_Rick_-_Designing_Software_Architectures__2nd_Edition_-_2024.pdf or fallback C:\Projects\pdf summary\admin-panel\backend\uploads\documents\1768926105848_Cervantes_Humberto__Kazman_Rick_-_Designing_Software_Architectures__2nd_Edition_-_2024.pdf
[DOC_SERVICE] 2026-01-20T16:27:37.224Z Document bf3c0faf-a55e-4039-91ae-96032dbf012e exceeded max attempts. Marking as failed.
[DOC_SERVICE] 2026-01-20T16:27:38.230Z Processing document dcdec875-0064-44fa-9910-d727d6697e88
[DOC_SERVICE] 2026-01-20T16:27:38.272Z Error in processDocument for dcdec875-0064-44fa-9910-d727d6697e88: File not found at C:\Projects\pdf summary\admin-panel\backend\uploads\documents\1768926122648_Cervantes_Humberto__Kazman_Rick_-_Designing_Software_Architectures__2nd_Edition_-_2024.pdf or fallback C:\Projects\pdf summary\admin-panel\backend\uploads\documents\1768926122648_Cervantes_Humberto__Kazman_Rick_-_Designing_Software_Architectures__2nd_Edition_-_2024.pdf
[DOC_SERVICE] 2026-01-20T16:27:38.273Z Critical failure processing document dcdec875-0064-44fa-9910-d727d6697e88: File not found at C:\Projects\pdf summary\admin-panel\backend\uploads\documents\1768926122648_Cervantes_Humberto__Kazman_Rick_-_Designing_Software_Architectures__2nd_Edition_-_2024.pdf or fallback C:\Projects\pdf summary\admin-panel\backend\uploads\documents\1768926122648_Cervantes_Humberto__Kazman_Rick_-_Designing_Software_Architectures__2nd_Edition_-_2024.pdf
[DOC_SERVICE] 2026-01-20T16:27:38.277Z Document dcdec875-0064-44fa-9910-d727d6697e88 exceeded max attempts. Marking as failed.
[DOC_SERVICE] 2026-01-20T16:27:39.293Z Processing document 9a1547c3-2493-4be5-89f4-ba57cf7c4500
[DOC_SERVICE] 2026-01-20T16:27:39.334Z Error in processDocument for 9a1547c3-2493-4be5-89f4-ba57cf7c4500: File not found at C:\Projects\pdf summary\admin-panel\backend\uploads\documents\1768926117415_Cervantes_Humberto__Kazman_Rick_-_Designing_Software_Architectures__2nd_Edition_-_2024.pdf or fallback C:\Projects\pdf summary\admin-panel\backend\uploads\documents\1768926117415_Cervantes_Humberto__Kazman_Rick_-_Designing_Software_Architectures__2nd_Edition_-_2024.pdf
[DOC_SERVICE] 2026-01-20T16:27:39.335Z Critical failure processing document 9a1547c3-2493-4be5-89f4-ba57cf7c4500: File not found at C:\Projects\pdf summary\admin-panel\backend\uploads\documents\1768926117415_Cervantes_Humberto__Kazman_Rick_-_Designing_Software_Architectures__2nd_Edition_-_2024.pdf or fallback C:\Projects\pdf summary\admin-panel\backend\uploads\documents\1768926117415_Cervantes_Humberto__Kazman_Rick_-_Designing_Software_Architectures__2nd_Edition_-_2024.pdf
[DOC_SERVICE] 2026-01-20T16:27:39.338Z Document 9a1547c3-2493-4be5-89f4-ba57cf7c4500 exceeded max attempts. Marking as failed.
[DOC_SERVICE] 2026-01-20T16:28:28.391Z Starting background recovery service...
[DOC_SERVICE] 2026-01-20T19:04:43.901Z Recovering stuck/pending document: b568276c-035e-4334-ab37-25125e3131bc (Cervantes Humberto, Kazman Rick - Designing Software Architectures, 2nd Edition - 2024.pdf)
[DOC_SERVICE] 2026-01-20T19:04:43.935Z Queueing document b568276c-035e-4334-ab37-25125e3131bc for processing
[DOC_SERVICE] 2026-01-20T19:04:43.936Z Processing document b568276c-035e-4334-ab37-25125e3131bc
[DOC_SERVICE] 2026-01-20T19:04:43.949Z Error in processDocument for b568276c-035e-4334-ab37-25125e3131bc: FileNotFound: C:\Projects\pdf summary\admin-panel\backend\uploads\documents\1768935883481_Cervantes_Humberto__Kazman_Rick_-_Designing_Software_Architectures__2nd_Edition_-_2024.pdf
[DOC_SERVICE] 2026-01-20T19:04:43.950Z Critical failure processing document b568276c-035e-4334-ab37-25125e3131bc: FileNotFound: C:\Projects\pdf summary\admin-panel\backend\uploads\documents\1768935883481_Cervantes_Humberto__Kazman_Rick_-_Designing_Software_Architectures__2nd_Edition_-_2024.pdf
[DOC_SERVICE] 2026-01-20T19:04:43.954Z Document b568276c-035e-4334-ab37-25125e3131bc failed permanently: File missing from server
[DOC_SERVICE] 2026-01-20T19:05:13.909Z Recovering stuck/pending document: b466b812-9e8d-4320-9223-cd312e5a0dbe (Cervantes Humberto, Kazman Rick - Designing Software Architectures, 2nd Edition - 2024.pdf)
[DOC_SERVICE] 2026-01-20T19:05:13.911Z Queueing document b466b812-9e8d-4320-9223-cd312e5a0dbe for processing
[DOC_SERVICE] 2026-01-20T19:05:13.911Z Processing document b466b812-9e8d-4320-9223-cd312e5a0dbe
[DOC_SERVICE] 2026-01-20T19:05:13.912Z Recovering stuck/pending document: 9bc9007a-5d63-449d-94ea-280026ed4f2f (Cervantes Humberto, Kazman Rick - Designing Software Architectures, 2nd Edition - 2024.pdf)
[DOC_SERVICE] 2026-01-20T19:05:13.913Z Queueing document 9bc9007a-5d63-449d-94ea-280026ed4f2f for processing
[DOC_SERVICE] 2026-01-20T19:05:13.914Z Recovering stuck/pending document: 112cf239-0da0-4444-b630-c5164a232f00 (Cervantes Humberto, Kazman Rick - Designing Software Architectures, 2nd Edition - 2024.pdf)
[DOC_SERVICE] 2026-01-20T19:05:13.915Z Queueing document 112cf239-0da0-4444-b630-c5164a232f00 for processing
[DOC_SERVICE] 2026-01-20T19:05:13.915Z Recovering stuck/pending document: 6b258a7c-829a-45b9-944d-00d184544706 (Cervantes Humberto, Kazman Rick - Designing Software Architectures, 2nd Edition - 2024.pdf)
[DOC_SERVICE] 2026-01-20T19:05:13.916Z Queueing document 6b258a7c-829a-45b9-944d-00d184544706 for processing
[DOC_SERVICE] 2026-01-20T19:05:13.959Z Error in processDocument for b466b812-9e8d-4320-9223-cd312e5a0dbe: FileNotFound: C:\Projects\pdf summary\admin-panel\backend\uploads\documents\1768935888243_Cervantes_Humberto__Kazman_Rick_-_Designing_Software_Architectures__2nd_Edition_-_2024.pdf
[DOC_SERVICE] 2026-01-20T19:05:13.961Z Critical failure processing document b466b812-9e8d-4320-9223-cd312e5a0dbe: FileNotFound: C:\Projects\pdf summary\admin-panel\backend\uploads\documents\1768935888243_Cervantes_Humberto__Kazman_Rick_-_Designing_Software_Architectures__2nd_Edition_-_2024.pdf
[DOC_SERVICE] 2026-01-20T19:05:13.964Z Document b466b812-9e8d-4320-9223-cd312e5a0dbe failed permanently: File missing from server
[DOC_SERVICE] 2026-01-20T19:05:14.971Z Processing document 9bc9007a-5d63-449d-94ea-280026ed4f2f
[DOC_SERVICE] 2026-01-20T19:05:15.013Z Error in processDocument for 9bc9007a-5d63-449d-94ea-280026ed4f2f: FileNotFound: C:\Projects\pdf summary\admin-panel\backend\uploads\documents\1768935893157_Cervantes_Humberto__Kazman_Rick_-_Designing_Software_Architectures__2nd_Edition_-_2024.pdf
[DOC_SERVICE] 2026-01-20T19:05:15.013Z Critical failure processing document 9bc9007a-5d63-449d-94ea-280026ed4f2f: FileNotFound: C:\Projects\pdf summary\admin-panel\backend\uploads\documents\1768935893157_Cervantes_Humberto__Kazman_Rick_-_Designing_Software_Architectures__2nd_Edition_-_2024.pdf
[DOC_SERVICE] 2026-01-20T19:05:15.016Z Document 9bc9007a-5d63-449d-94ea-280026ed4f2f failed permanently: File missing from server
[DOC_SERVICE] 2026-01-20T19:05:16.029Z Processing document 112cf239-0da0-4444-b630-c5164a232f00
[DOC_SERVICE] 2026-01-20T19:05:16.071Z Error in processDocument for 112cf239-0da0-4444-b630-c5164a232f00: FileNotFound: C:\Projects\pdf summary\admin-panel\backend\uploads\documents\1768935897510_Cervantes_Humberto__Kazman_Rick_-_Designing_Software_Architectures__2nd_Edition_-_2024.pdf
[DOC_SERVICE] 2026-01-20T19:05:16.072Z Critical failure processing document 112cf239-0da0-4444-b630-c5164a232f00: FileNotFound: C:\Projects\pdf summary\admin-panel\backend\uploads\documents\1768935897510_Cervantes_Humberto__Kazman_Rick_-_Designing_Software_Architectures__2nd_Edition_-_2024.pdf
[DOC_SERVICE] 2026-01-20T19:05:16.075Z Document 112cf239-0da0-4444-b630-c5164a232f00 failed permanently: File missing from server
[DOC_SERVICE] 2026-01-20T19:05:17.081Z Processing document 6b258a7c-829a-45b9-944d-00d184544706
[DOC_SERVICE] 2026-01-20T19:05:17.125Z Error in processDocument for 6b258a7c-829a-45b9-944d-00d184544706: FileNotFound: C:\Projects\pdf summary\admin-panel\backend\uploads\documents\1768935901557_Cervantes_Humberto__Kazman_Rick_-_Designing_Software_Architectures__2nd_Edition_-_2024.pdf
[DOC_SERVICE] 2026-01-20T19:05:17.127Z Critical failure processing document 6b258a7c-829a-45b9-944d-00d184544706: FileNotFound: C:\Projects\pdf summary\admin-panel\backend\uploads\documents\1768935901557_Cervantes_Humberto__Kazman_Rick_-_Designing_Software_Architectures__2nd_Edition_-_2024.pdf
[DOC_SERVICE] 2026-01-20T19:05:17.131Z Document 6b258a7c-829a-45b9-944d-00d184544706 failed permanently: File missing from server
